<?xml version="1.0" encoding="UTF-8"?>
<!-- Generated by org.testng.reporters.JUnitXMLReporter -->
<testsuite hostname="M705USRA" ignored="0" name="addUser" tests="1" failures="1" timestamp="29 十二月 2018 06:48:52 GMT" time="5.02" errors="0">
  <testcase name="addUser" time="4.972" classname="cases.AddUserTest">
    <failure type="java.lang.NullPointerException">
      <![CDATA[java.lang.NullPointerException
	at cases.AddUserTest.addUser(AddUserTest.java:54)
	at com.sun.proxy.$Proxy0.invoke(Unknown Source)
... Removed 33 stack frames]]>
    </failure>
  </testcase> <!-- addUser -->
</testsuite> <!-- addUser -->
