-------------------------------------------------------------------------------
Test set: TestSuite
-------------------------------------------------------------------------------
Tests run: 1, Failures: 1, Errors: 0, Skipped: 0, Time elapsed: 5.697 sec <<< FAILURE!
addUser(cases.AddUserTest)  Time elapsed: 4.974 sec  <<< FAILURE!
java.lang.NullPointerException
	at cases.AddUserTest.addUser(AddUserTest.java:54)

